[2026-03-09 06:50:49,244: INFO:main:Starting the main.py script]
[2026-03-14 01:21:45,910: INFO:main:Starting the main.py script]
[2026-03-14 07:57:59,349: INFO:common:yaml file: config\config.yaml loaded successfully]
[2026-03-14 07:57:59,360: INFO:common:yaml file: params.yaml loaded successfully]
[2026-03-14 07:57:59,372: INFO:common:yaml file: schema.yaml loaded successfully]
[2026-03-14 07:57:59,376: INFO:common:created directory at: artifacts]
[2026-03-14 07:57:59,381: INFO:common:created directory at: artifacts/data_ingestion]
[2026-03-14 07:59:27,854: INFO:common:yaml file: config\config.yaml loaded successfully]
[2026-03-14 07:59:27,857: INFO:common:yaml file: params.yaml loaded successfully]
[2026-03-14 07:59:27,864: INFO:common:yaml file: schema.yaml loaded successfully]
[2026-03-14 07:59:27,868: INFO:common:created directory at: artifacts]
[2026-03-14 07:59:27,870: INFO:common:created directory at: artifacts/data_ingestion]
[2026-03-14 08:00:05,732: INFO:common:yaml file: config\config.yaml loaded successfully]
[2026-03-14 08:00:05,735: INFO:common:yaml file: params.yaml loaded successfully]
[2026-03-14 08:00:05,742: INFO:common:yaml file: schema.yaml loaded successfully]
[2026-03-14 08:00:05,746: INFO:common:created directory at: artifacts]
[2026-03-14 08:00:05,749: INFO:common:created directory at: artifacts/data_ingestion]
[2026-03-14 08:00:51,386: INFO:common:yaml file: config\config.yaml loaded successfully]
[2026-03-14 08:00:51,390: INFO:common:yaml file: params.yaml loaded successfully]
[2026-03-14 08:00:51,397: INFO:common:yaml file: schema.yaml loaded successfully]
[2026-03-14 08:00:51,401: INFO:common:created directory at: artifacts]
[2026-03-14 08:00:51,404: INFO:common:created directory at: artifacts/data_ingestion]
[2026-03-14 08:00:51,547: INFO:2274935628:artifacts/data_ingestion/WineQT.csv download! with following info: 
Content-type: application/vnd.ms-excel
Content-length: 78057
Last-modified: Sun, 08 Mar 2026 23:08:58 GMT

]
[2026-03-14 08:01:19,142: INFO:common:yaml file: config\config.yaml loaded successfully]
[2026-03-14 08:01:19,146: INFO:common:yaml file: params.yaml loaded successfully]
[2026-03-14 08:01:19,153: INFO:common:yaml file: schema.yaml loaded successfully]
[2026-03-14 08:01:19,157: INFO:common:created directory at: artifacts]
[2026-03-14 08:01:19,160: INFO:common:created directory at: artifacts/data_ingestion]
[2026-03-14 08:01:19,163: INFO:2274935628:File already exists of size: ~ 76 KB]
[2026-03-14 08:03:40,931: INFO:common:yaml file: config\config.yaml loaded successfully]
[2026-03-14 08:03:40,934: INFO:common:yaml file: params.yaml loaded successfully]
[2026-03-14 08:03:40,942: INFO:common:yaml file: schema.yaml loaded successfully]
[2026-03-14 08:03:40,947: INFO:common:created directory at: artifacts]
[2026-03-14 08:03:40,949: INFO:common:created directory at: artifacts/data_ingestion]
[2026-03-14 08:03:40,953: INFO:635342917:File already exists of size: ~ 76 KB]
[2026-03-14 08:04:19,699: INFO:common:yaml file: config\config.yaml loaded successfully]
[2026-03-14 08:04:19,703: INFO:common:yaml file: params.yaml loaded successfully]
[2026-03-14 08:04:19,709: INFO:common:yaml file: schema.yaml loaded successfully]
[2026-03-14 08:04:19,712: INFO:common:created directory at: artifacts]
[2026-03-14 08:04:19,715: INFO:common:created directory at: artifacts/data_ingestion]
[2026-03-14 08:04:19,717: INFO:4159884592:File already exists of size: ~ 76 KB]
[2026-03-14 08:04:19,726: INFO:4159884592:File already in destination: artifacts/data_ingestion\WineQT.csv]
[2026-03-14 08:40:03,752: INFO:main:>>>>>> stage Data Ingestion stage started <<<<<<]
[2026-03-14 08:40:03,762: INFO:common:yaml file: config\config.yaml loaded successfully]
[2026-03-14 08:40:03,764: INFO:common:yaml file: params.yaml loaded successfully]
[2026-03-14 08:40:03,765: INFO:common:yaml file: schema.yaml loaded successfully]
[2026-03-14 08:40:03,770: INFO:common:created directory at: artifacts]
[2026-03-14 08:40:03,772: INFO:common:created directory at: artifacts/data_ingestion]
[2026-03-14 08:40:04,159: INFO:data_ingestion:artifacts/data_ingestion/WineQT.csv download! with following info: 
Content-type: application/vnd.ms-excel
Content-length: 78057
Last-modified: Sun, 08 Mar 2026 23:08:58 GMT

]
[2026-03-14 08:40:04,159: INFO:data_ingestion:File already in destination: artifacts/data_ingestion\WineQT.csv]
[2026-03-14 08:40:04,159: INFO:main:>>>>>> stage Data Ingestion stage completed <<<<<<

x==========x]
[2026-03-14 09:03:20,859: INFO:common:yaml file: config\config.yaml loaded successfully]
[2026-03-14 09:03:20,863: INFO:common:yaml file: params.yaml loaded successfully]
[2026-03-14 09:03:20,868: INFO:common:yaml file: schema.yaml loaded successfully]
[2026-03-14 09:03:20,871: INFO:common:created directory at: artifacts]
[2026-03-14 09:03:20,873: INFO:common:created directory at: artifacts/data_validation]
[2026-03-14 09:24:17,687: INFO:main:>>>>>> stage Data Ingestion stage started <<<<<<]
[2026-03-14 09:24:17,737: INFO:common:yaml file: config\config.yaml loaded successfully]
[2026-03-14 09:24:17,788: INFO:common:yaml file: params.yaml loaded successfully]
[2026-03-14 09:24:17,821: INFO:common:yaml file: schema.yaml loaded successfully]
[2026-03-14 09:24:17,863: INFO:common:created directory at: artifacts]
[2026-03-14 09:24:17,872: INFO:common:created directory at: artifacts/data_ingestion]
[2026-03-14 09:24:18,404: INFO:data_ingestion:artifacts/data_ingestion/WineQT.csv download! with following info: 
Content-type: application/vnd.ms-excel
Content-length: 78057
Last-modified: Sun, 08 Mar 2026 23:08:58 GMT

]
[2026-03-14 09:24:18,405: INFO:data_ingestion:File already in destination: artifacts/data_ingestion\WineQT.csv]
[2026-03-14 09:24:18,406: INFO:main:>>>>>> stage Data Ingestion stage completed <<<<<<

x==========x]
[2026-03-14 09:24:18,406: INFO:main:>>>>>> stage Data Validation stage started <<<<<<]
[2026-03-14 09:24:18,408: INFO:common:yaml file: config\config.yaml loaded successfully]
[2026-03-14 09:24:18,409: INFO:common:yaml file: params.yaml loaded successfully]
[2026-03-14 09:24:18,413: INFO:common:yaml file: schema.yaml loaded successfully]
[2026-03-14 09:24:18,415: INFO:common:created directory at: artifacts]
[2026-03-14 09:24:18,416: INFO:common:created directory at: artifacts/data_validation]
[2026-03-14 09:24:18,458: INFO:main:>>>>>> stage Data Validation stage completed <<<<<<

x==========x]
[2026-03-15 03:24:33,306: INFO:main:>>>>>> stage Data Ingestion stage started <<<<<<]
[2026-03-15 03:24:33,310: INFO:common:yaml file: config\config.yaml loaded successfully]
[2026-03-15 03:24:33,313: INFO:common:yaml file: params.yaml loaded successfully]
[2026-03-15 03:24:33,352: INFO:common:yaml file: schema.yaml loaded successfully]
[2026-03-15 03:24:33,354: INFO:common:created directory at: artifacts]
[2026-03-15 03:24:33,355: INFO:common:created directory at: artifacts/data_ingestion]
[2026-03-15 03:24:33,712: INFO:data_ingestion:artifacts/data_ingestion/WineQT.csv download! with following info: 
Content-type: application/vnd.ms-excel
Content-length: 78057
Last-modified: Sun, 08 Mar 2026 23:08:58 GMT

]
[2026-03-15 03:24:33,713: INFO:data_ingestion:File already in destination: artifacts/data_ingestion\WineQT.csv]
[2026-03-15 03:24:33,713: INFO:main:>>>>>> stage Data Ingestion stage completed <<<<<<

x==========x]
[2026-03-15 03:24:33,714: INFO:main:>>>>>> stage Data Validation stage started <<<<<<]
[2026-03-15 03:24:33,716: INFO:common:yaml file: config\config.yaml loaded successfully]
[2026-03-15 03:24:33,720: INFO:common:yaml file: params.yaml loaded successfully]
[2026-03-15 03:24:33,722: INFO:common:yaml file: schema.yaml loaded successfully]
[2026-03-15 03:24:33,724: INFO:common:created directory at: artifacts]
[2026-03-15 03:24:33,725: INFO:common:created directory at: artifacts/data_validation]
[2026-03-15 03:24:33,779: INFO:main:>>>>>> stage Data Validation stage completed <<<<<<

x==========x]
[2026-03-15 03:24:33,782: INFO:main:>>>>>> stage Data Transformation stage started <<<<<<]
[2026-03-15 03:24:33,802: INFO:main:>>>>>> stage Data Transformation stage completed <<<<<<

x==========x]
[2026-03-15 03:29:01,586: INFO:stage_01_data_ingestion:>>>>>> stage Data Ingestion stage started <<<<<<]
[2026-03-15 03:29:01,591: INFO:common:yaml file: C:\Users\Its KaMrAN\Documents\Linux Docker\Wine Prediction ML\config\config.yaml loaded successfully]
[2026-03-15 03:29:01,593: INFO:common:yaml file: C:\Users\Its KaMrAN\Documents\Linux Docker\Wine Prediction ML\params.yaml loaded successfully]
[2026-03-15 03:29:01,614: INFO:common:yaml file: C:\Users\Its KaMrAN\Documents\Linux Docker\Wine Prediction ML\schema.yaml loaded successfully]
[2026-03-15 03:29:01,624: INFO:common:created directory at: artifacts]
[2026-03-15 03:29:01,633: INFO:common:created directory at: artifacts/data_ingestion]
[2026-03-15 03:29:01,643: INFO:data_ingestion:File already exists of size: ~ 76 KB]
[2026-03-15 03:29:01,658: INFO:data_ingestion:File already in destination: artifacts/data_ingestion\WineQT.csv]
[2026-03-15 03:29:01,748: INFO:data_ingestion:Removed 'Id' column from WineQT.csv]
[2026-03-15 03:29:01,748: INFO:stage_01_data_ingestion:>>>>>> stage Data Ingestion stage completed <<<<<<

x==========x]
[2026-03-15 03:29:10,816: INFO:stage_02_data_validation:>>>>>> stage Data Validation stage started <<<<<<]
[2026-03-15 03:29:10,828: INFO:common:yaml file: C:\Users\Its KaMrAN\Documents\Linux Docker\Wine Prediction ML\config\config.yaml loaded successfully]
[2026-03-15 03:29:10,859: INFO:common:yaml file: C:\Users\Its KaMrAN\Documents\Linux Docker\Wine Prediction ML\params.yaml loaded successfully]
[2026-03-15 03:29:10,896: INFO:common:yaml file: C:\Users\Its KaMrAN\Documents\Linux Docker\Wine Prediction ML\schema.yaml loaded successfully]
[2026-03-15 03:29:10,905: INFO:common:created directory at: artifacts]
[2026-03-15 03:29:10,913: INFO:common:created directory at: artifacts/data_validation]
[2026-03-15 03:29:10,986: INFO:stage_02_data_validation:>>>>>> stage Data Validation stage completed <<<<<<

x==========x]
[2026-03-16 10:18:15,235: INFO:main:>>>>>> stage Data Ingestion stage started <<<<<<]
[2026-03-16 10:18:15,250: INFO:common:yaml file: C:\Users\Its KaMrAN\Documents\Linux Docker\Wine Prediction ML\config\config.yaml loaded successfully]
[2026-03-16 10:18:15,279: INFO:common:yaml file: C:\Users\Its KaMrAN\Documents\Linux Docker\Wine Prediction ML\params.yaml loaded successfully]
[2026-03-16 10:18:15,298: INFO:common:yaml file: C:\Users\Its KaMrAN\Documents\Linux Docker\Wine Prediction ML\schema.yaml loaded successfully]
[2026-03-16 10:18:15,308: INFO:common:created directory at: artifacts]
[2026-03-16 10:18:15,310: INFO:common:created directory at: artifacts/data_ingestion]
[2026-03-16 10:18:15,712: INFO:data_ingestion:artifacts/data_ingestion/WineQT.csv download! with following info: 
Content-type: application/vnd.ms-excel
Content-length: 78057
Last-modified: Sun, 08 Mar 2026 23:08:58 GMT

]
[2026-03-16 10:18:15,714: INFO:data_ingestion:File already in destination: artifacts/data_ingestion\WineQT.csv]
[2026-03-16 10:18:15,801: INFO:data_ingestion:Removed 'Id' column from WineQT.csv]
[2026-03-16 10:18:15,802: INFO:main:>>>>>> stage Data Ingestion stage completed <<<<<<

x==========x]
[2026-03-16 10:18:15,804: INFO:main:>>>>>> stage Data Validation stage started <<<<<<]
[2026-03-16 10:18:15,806: INFO:common:yaml file: C:\Users\Its KaMrAN\Documents\Linux Docker\Wine Prediction ML\config\config.yaml loaded successfully]
[2026-03-16 10:18:15,814: INFO:common:yaml file: C:\Users\Its KaMrAN\Documents\Linux Docker\Wine Prediction ML\params.yaml loaded successfully]
[2026-03-16 10:18:15,817: INFO:common:yaml file: C:\Users\Its KaMrAN\Documents\Linux Docker\Wine Prediction ML\schema.yaml loaded successfully]
[2026-03-16 10:18:15,819: INFO:common:created directory at: artifacts]
[2026-03-16 10:18:15,820: INFO:common:created directory at: artifacts/data_validation]
[2026-03-16 10:18:15,860: INFO:main:>>>>>> stage Data Validation stage completed <<<<<<

x==========x]
[2026-03-16 10:18:15,865: INFO:main:>>>>>> stage Data Transformation stage started <<<<<<]
[2026-03-16 10:18:15,886: INFO:common:yaml file: C:\Users\Its KaMrAN\Documents\Linux Docker\Wine Prediction ML\config\config.yaml loaded successfully]
[2026-03-16 10:18:15,888: INFO:common:yaml file: C:\Users\Its KaMrAN\Documents\Linux Docker\Wine Prediction ML\params.yaml loaded successfully]
[2026-03-16 10:18:15,893: INFO:common:yaml file: C:\Users\Its KaMrAN\Documents\Linux Docker\Wine Prediction ML\schema.yaml loaded successfully]
[2026-03-16 10:18:15,900: INFO:common:created directory at: artifacts]
[2026-03-16 10:18:15,902: INFO:common:created directory at: artifacts/data_transformation]
[2026-03-16 10:18:15,945: INFO:data_transformation:Splited data into training and test sets]
[2026-03-16 10:18:15,946: INFO:data_transformation:(857, 12)]
[2026-03-16 10:18:15,946: INFO:data_transformation:(286, 12)]
[2026-03-16 10:18:15,950: INFO:main:>>>>>> stage Data Transformation stage completed <<<<<<

x==========x]
[2026-03-16 10:18:15,950: INFO:main:>>>>>> stage Model Trainer stage started <<<<<<]
[2026-03-16 10:18:15,958: INFO:common:yaml file: C:\Users\Its KaMrAN\Documents\Linux Docker\Wine Prediction ML\config\config.yaml loaded successfully]
[2026-03-16 10:18:15,959: INFO:common:yaml file: C:\Users\Its KaMrAN\Documents\Linux Docker\Wine Prediction ML\params.yaml loaded successfully]
[2026-03-16 10:18:15,966: INFO:common:yaml file: C:\Users\Its KaMrAN\Documents\Linux Docker\Wine Prediction ML\schema.yaml loaded successfully]
[2026-03-16 10:18:15,969: INFO:common:created directory at: artifacts]
[2026-03-16 10:18:15,970: ERROR:main:'ConfigurationManager' object has no attribute 'get_model_trainer_config']
Traceback (most recent call last):
  File "C:\Users\Its KaMrAN\Documents\Linux Docker\Wine Prediction ML\main.py", line 40, in <module>
    data_ingestion.main()
  File "C:\Users\Its KaMrAN\Documents\Linux Docker\Wine Prediction ML\src\Wine_Prediction_ML\pipeline\stage_04_model_trainer.py", line 15, in main
    model_trainer_config = config.get_model_trainer_config()
                           ^^^^^^^^^^^^^^^^^^^^^^^^^^^^^^^
AttributeError: 'ConfigurationManager' object has no attribute 'get_model_trainer_config'
[2026-03-16 10:20:10,084: INFO:main:>>>>>> stage Data Ingestion stage started <<<<<<]
[2026-03-16 10:20:10,084: INFO:common:yaml file: C:\Users\Its KaMrAN\Documents\Linux Docker\Wine Prediction ML\config\config.yaml loaded successfully]
[2026-03-16 10:20:10,084: INFO:common:yaml file: C:\Users\Its KaMrAN\Documents\Linux Docker\Wine Prediction ML\params.yaml loaded successfully]
[2026-03-16 10:20:10,099: INFO:common:yaml file: C:\Users\Its KaMrAN\Documents\Linux Docker\Wine Prediction ML\schema.yaml loaded successfully]
[2026-03-16 10:20:10,101: INFO:common:created directory at: artifacts]
[2026-03-16 10:20:10,102: INFO:common:created directory at: artifacts/data_ingestion]
[2026-03-16 10:20:10,103: INFO:data_ingestion:File already exists of size: ~ 66 KB]
[2026-03-16 10:20:10,104: INFO:data_ingestion:File already in destination: artifacts/data_ingestion\WineQT.csv]
[2026-03-16 10:20:10,113: INFO:main:>>>>>> stage Data Ingestion stage completed <<<<<<

x==========x]
[2026-03-16 10:20:10,113: INFO:main:>>>>>> stage Data Validation stage started <<<<<<]
[2026-03-16 10:20:10,162: INFO:common:yaml file: C:\Users\Its KaMrAN\Documents\Linux Docker\Wine Prediction ML\config\config.yaml loaded successfully]
[2026-03-16 10:20:10,196: INFO:common:yaml file: C:\Users\Its KaMrAN\Documents\Linux Docker\Wine Prediction ML\params.yaml loaded successfully]
[2026-03-16 10:20:10,246: INFO:common:yaml file: C:\Users\Its KaMrAN\Documents\Linux Docker\Wine Prediction ML\schema.yaml loaded successfully]
[2026-03-16 10:20:10,262: INFO:common:created directory at: artifacts]
[2026-03-16 10:20:10,280: INFO:common:created directory at: artifacts/data_validation]
[2026-03-16 10:20:10,296: INFO:main:>>>>>> stage Data Validation stage completed <<<<<<

x==========x]
[2026-03-16 10:20:10,296: INFO:main:>>>>>> stage Data Transformation stage started <<<<<<]
[2026-03-16 10:20:10,316: INFO:common:yaml file: C:\Users\Its KaMrAN\Documents\Linux Docker\Wine Prediction ML\config\config.yaml loaded successfully]
[2026-03-16 10:20:10,335: INFO:common:yaml file: C:\Users\Its KaMrAN\Documents\Linux Docker\Wine Prediction ML\params.yaml loaded successfully]
[2026-03-16 10:20:10,340: INFO:common:yaml file: C:\Users\Its KaMrAN\Documents\Linux Docker\Wine Prediction ML\schema.yaml loaded successfully]
[2026-03-16 10:20:10,346: INFO:common:created directory at: artifacts]
[2026-03-16 10:20:10,346: INFO:common:created directory at: artifacts/data_transformation]
[2026-03-16 10:20:10,385: INFO:data_transformation:Splited data into training and test sets]
[2026-03-16 10:20:10,385: INFO:data_transformation:(857, 12)]
[2026-03-16 10:20:10,386: INFO:data_transformation:(286, 12)]
[2026-03-16 10:20:10,387: INFO:main:>>>>>> stage Data Transformation stage completed <<<<<<

x==========x]
[2026-03-16 10:20:10,387: INFO:main:>>>>>> stage Model Trainer stage started <<<<<<]
[2026-03-16 10:20:10,389: INFO:common:yaml file: C:\Users\Its KaMrAN\Documents\Linux Docker\Wine Prediction ML\config\config.yaml loaded successfully]
[2026-03-16 10:20:10,389: INFO:common:yaml file: C:\Users\Its KaMrAN\Documents\Linux Docker\Wine Prediction ML\params.yaml loaded successfully]
[2026-03-16 10:20:10,396: INFO:common:yaml file: C:\Users\Its KaMrAN\Documents\Linux Docker\Wine Prediction ML\schema.yaml loaded successfully]
[2026-03-16 10:20:10,396: INFO:common:created directory at: artifacts]
[2026-03-16 10:20:10,396: ERROR:main:'ConfigurationManager' object has no attribute 'get_model_trainer_config']
Traceback (most recent call last):
  File "C:\Users\Its KaMrAN\Documents\Linux Docker\Wine Prediction ML\main.py", line 40, in <module>
    data_ingestion.main()
  File "C:\Users\Its KaMrAN\Documents\Linux Docker\Wine Prediction ML\src\Wine_Prediction_ML\pipeline\stage_04_model_trainer.py", line 15, in main
    model_trainer_config = config.get_model_trainer_config()
                           ^^^^^^^^^^^^^^^^^^^^^^^^^^^^^^^
AttributeError: 'ConfigurationManager' object has no attribute 'get_model_trainer_config'
[2026-03-16 10:31:24,631: INFO:main:>>>>>> stage Data Ingestion stage started <<<<<<]
[2026-03-16 10:31:24,645: INFO:common:yaml file: C:\Users\Its KaMrAN\Documents\Linux Docker\Wine Prediction ML\config\config.yaml loaded successfully]
[2026-03-16 10:31:24,650: INFO:common:yaml file: C:\Users\Its KaMrAN\Documents\Linux Docker\Wine Prediction ML\params.yaml loaded successfully]
[2026-03-16 10:31:24,650: INFO:common:yaml file: C:\Users\Its KaMrAN\Documents\Linux Docker\Wine Prediction ML\schema.yaml loaded successfully]
[2026-03-16 10:31:24,655: INFO:common:created directory at: artifacts]
[2026-03-16 10:31:24,655: INFO:common:created directory at: artifacts/data_ingestion]
[2026-03-16 10:31:25,039: INFO:data_ingestion:artifacts/data_ingestion/WineQT.csv download! with following info: 
Content-type: application/vnd.ms-excel
Content-length: 78057
Last-modified: Sun, 08 Mar 2026 23:08:58 GMT

]
[2026-03-16 10:31:25,040: INFO:data_ingestion:File already in destination: artifacts/data_ingestion\WineQT.csv]
[2026-03-16 10:31:25,096: INFO:data_ingestion:Removed 'Id' column from WineQT.csv]
[2026-03-16 10:31:25,096: INFO:main:>>>>>> stage Data Ingestion stage completed <<<<<<

x==========x]
[2026-03-16 10:31:25,096: INFO:main:>>>>>> stage Data Validation stage started <<<<<<]
[2026-03-16 10:31:25,104: INFO:common:yaml file: C:\Users\Its KaMrAN\Documents\Linux Docker\Wine Prediction ML\config\config.yaml loaded successfully]
[2026-03-16 10:31:25,106: INFO:common:yaml file: C:\Users\Its KaMrAN\Documents\Linux Docker\Wine Prediction ML\params.yaml loaded successfully]
[2026-03-16 10:31:25,111: INFO:common:yaml file: C:\Users\Its KaMrAN\Documents\Linux Docker\Wine Prediction ML\schema.yaml loaded successfully]
[2026-03-16 10:31:25,114: INFO:common:created directory at: artifacts]
[2026-03-16 10:31:25,115: INFO:common:created directory at: artifacts/data_validation]
[2026-03-16 10:31:25,142: INFO:main:>>>>>> stage Data Validation stage completed <<<<<<

x==========x]
[2026-03-16 10:31:25,144: INFO:main:>>>>>> stage Data Transformation stage started <<<<<<]
[2026-03-16 10:31:25,151: INFO:common:yaml file: C:\Users\Its KaMrAN\Documents\Linux Docker\Wine Prediction ML\config\config.yaml loaded successfully]
[2026-03-16 10:31:25,154: INFO:common:yaml file: C:\Users\Its KaMrAN\Documents\Linux Docker\Wine Prediction ML\params.yaml loaded successfully]
[2026-03-16 10:31:25,158: INFO:common:yaml file: C:\Users\Its KaMrAN\Documents\Linux Docker\Wine Prediction ML\schema.yaml loaded successfully]
[2026-03-16 10:31:25,160: INFO:common:created directory at: artifacts]
[2026-03-16 10:31:25,162: INFO:common:created directory at: artifacts/data_transformation]
[2026-03-16 10:31:25,196: INFO:data_transformation:Splited data into training and test sets]
[2026-03-16 10:31:25,197: INFO:data_transformation:(857, 12)]
[2026-03-16 10:31:25,198: INFO:data_transformation:(286, 12)]
[2026-03-16 10:31:25,199: INFO:main:>>>>>> stage Data Transformation stage completed <<<<<<

x==========x]
[2026-03-16 10:31:25,201: INFO:main:>>>>>> stage Model Trainer stage started <<<<<<]
[2026-03-16 10:31:25,204: INFO:common:yaml file: C:\Users\Its KaMrAN\Documents\Linux Docker\Wine Prediction ML\config\config.yaml loaded successfully]
[2026-03-16 10:31:25,204: INFO:common:yaml file: C:\Users\Its KaMrAN\Documents\Linux Docker\Wine Prediction ML\params.yaml loaded successfully]
[2026-03-16 10:31:25,211: INFO:common:yaml file: C:\Users\Its KaMrAN\Documents\Linux Docker\Wine Prediction ML\schema.yaml loaded successfully]
[2026-03-16 10:31:25,216: INFO:common:created directory at: artifacts]
[2026-03-16 10:31:25,217: ERROR:main:'ConfigurationManager' object has no attribute 'get_model_trainer_config']
Traceback (most recent call last):
  File "C:\Users\Its KaMrAN\Documents\Linux Docker\Wine Prediction ML\main.py", line 40, in <module>
    data_ingestion.main()
  File "C:\Users\Its KaMrAN\Documents\Linux Docker\Wine Prediction ML\src\Wine_Prediction_ML\pipeline\stage_04_model_trainer.py", line 15, in main
    model_trainer_config = config.get_model_trainer_config()
                           ^^^^^^^^^^^^^^^^^^^^^^^^^^^^^^^
AttributeError: 'ConfigurationManager' object has no attribute 'get_model_trainer_config'
[2026-03-16 10:31:34,339: INFO:main:>>>>>> stage Data Ingestion stage started <<<<<<]
[2026-03-16 10:31:34,342: INFO:common:yaml file: C:\Users\Its KaMrAN\Documents\Linux Docker\Wine Prediction ML\config\config.yaml loaded successfully]
[2026-03-16 10:31:34,344: INFO:common:yaml file: C:\Users\Its KaMrAN\Documents\Linux Docker\Wine Prediction ML\params.yaml loaded successfully]
[2026-03-16 10:31:34,346: INFO:common:yaml file: C:\Users\Its KaMrAN\Documents\Linux Docker\Wine Prediction ML\schema.yaml loaded successfully]
[2026-03-16 10:31:34,348: INFO:common:created directory at: artifacts]
[2026-03-16 10:31:34,349: INFO:common:created directory at: artifacts/data_ingestion]
[2026-03-16 10:31:34,350: INFO:data_ingestion:File already exists of size: ~ 66 KB]
[2026-03-16 10:31:34,352: INFO:data_ingestion:File already in destination: artifacts/data_ingestion\WineQT.csv]
[2026-03-16 10:31:34,363: INFO:main:>>>>>> stage Data Ingestion stage completed <<<<<<

x==========x]
[2026-03-16 10:31:34,366: INFO:main:>>>>>> stage Data Validation stage started <<<<<<]
[2026-03-16 10:31:34,371: INFO:common:yaml file: C:\Users\Its KaMrAN\Documents\Linux Docker\Wine Prediction ML\config\config.yaml loaded successfully]
[2026-03-16 10:31:34,373: INFO:common:yaml file: C:\Users\Its KaMrAN\Documents\Linux Docker\Wine Prediction ML\params.yaml loaded successfully]
[2026-03-16 10:31:34,377: INFO:common:yaml file: C:\Users\Its KaMrAN\Documents\Linux Docker\Wine Prediction ML\schema.yaml loaded successfully]
[2026-03-16 10:31:34,379: INFO:common:created directory at: artifacts]
[2026-03-16 10:31:34,381: INFO:common:created directory at: artifacts/data_validation]
[2026-03-16 10:31:34,390: INFO:main:>>>>>> stage Data Validation stage completed <<<<<<

x==========x]
[2026-03-16 10:31:34,393: INFO:main:>>>>>> stage Data Transformation stage started <<<<<<]
[2026-03-16 10:31:34,405: INFO:common:yaml file: C:\Users\Its KaMrAN\Documents\Linux Docker\Wine Prediction ML\config\config.yaml loaded successfully]
[2026-03-16 10:31:34,408: INFO:common:yaml file: C:\Users\Its KaMrAN\Documents\Linux Docker\Wine Prediction ML\params.yaml loaded successfully]
[2026-03-16 10:31:34,413: INFO:common:yaml file: C:\Users\Its KaMrAN\Documents\Linux Docker\Wine Prediction ML\schema.yaml loaded successfully]
[2026-03-16 10:31:34,418: INFO:common:created directory at: artifacts]
[2026-03-16 10:31:34,420: INFO:common:created directory at: artifacts/data_transformation]
[2026-03-16 10:31:34,460: INFO:data_transformation:Splited data into training and test sets]
[2026-03-16 10:31:34,461: INFO:data_transformation:(857, 12)]
[2026-03-16 10:31:34,462: INFO:data_transformation:(286, 12)]
[2026-03-16 10:31:34,463: INFO:main:>>>>>> stage Data Transformation stage completed <<<<<<

x==========x]
[2026-03-16 10:31:34,464: INFO:main:>>>>>> stage Model Trainer stage started <<<<<<]
[2026-03-16 10:31:34,474: INFO:common:yaml file: C:\Users\Its KaMrAN\Documents\Linux Docker\Wine Prediction ML\config\config.yaml loaded successfully]
[2026-03-16 10:31:34,482: INFO:common:yaml file: C:\Users\Its KaMrAN\Documents\Linux Docker\Wine Prediction ML\params.yaml loaded successfully]
[2026-03-16 10:31:34,488: INFO:common:yaml file: C:\Users\Its KaMrAN\Documents\Linux Docker\Wine Prediction ML\schema.yaml loaded successfully]
[2026-03-16 10:31:34,489: INFO:common:created directory at: artifacts]
[2026-03-16 10:31:34,490: ERROR:main:'ConfigurationManager' object has no attribute 'get_model_trainer_config']
Traceback (most recent call last):
  File "C:\Users\Its KaMrAN\Documents\Linux Docker\Wine Prediction ML\main.py", line 40, in <module>
    data_ingestion.main()
  File "C:\Users\Its KaMrAN\Documents\Linux Docker\Wine Prediction ML\src\Wine_Prediction_ML\pipeline\stage_04_model_trainer.py", line 15, in main
    model_trainer_config = config.get_model_trainer_config()
                           ^^^^^^^^^^^^^^^^^^^^^^^^^^^^^^^
AttributeError: 'ConfigurationManager' object has no attribute 'get_model_trainer_config'
[2026-03-16 10:32:12,308: INFO:main:>>>>>> stage Data Ingestion stage started <<<<<<]
[2026-03-16 10:32:12,319: INFO:common:yaml file: C:\Users\Its KaMrAN\Documents\Linux Docker\Wine Prediction ML\config\config.yaml loaded successfully]
[2026-03-16 10:32:12,322: INFO:common:yaml file: C:\Users\Its KaMrAN\Documents\Linux Docker\Wine Prediction ML\params.yaml loaded successfully]
[2026-03-16 10:32:12,327: INFO:common:yaml file: C:\Users\Its KaMrAN\Documents\Linux Docker\Wine Prediction ML\schema.yaml loaded successfully]
[2026-03-16 10:32:12,330: INFO:common:created directory at: artifacts]
[2026-03-16 10:32:12,331: INFO:common:created directory at: artifacts/data_ingestion]
[2026-03-16 10:32:12,334: INFO:data_ingestion:File already exists of size: ~ 66 KB]
[2026-03-16 10:32:12,335: INFO:data_ingestion:File already in destination: artifacts/data_ingestion\WineQT.csv]
[2026-03-16 10:32:12,350: INFO:main:>>>>>> stage Data Ingestion stage completed <<<<<<

x==========x]
[2026-03-16 10:32:12,354: INFO:main:>>>>>> stage Data Validation stage started <<<<<<]
[2026-03-16 10:32:12,360: INFO:common:yaml file: C:\Users\Its KaMrAN\Documents\Linux Docker\Wine Prediction ML\config\config.yaml loaded successfully]
[2026-03-16 10:32:12,363: INFO:common:yaml file: C:\Users\Its KaMrAN\Documents\Linux Docker\Wine Prediction ML\params.yaml loaded successfully]
[2026-03-16 10:32:12,368: INFO:common:yaml file: C:\Users\Its KaMrAN\Documents\Linux Docker\Wine Prediction ML\schema.yaml loaded successfully]
[2026-03-16 10:32:12,370: INFO:common:created directory at: artifacts]
[2026-03-16 10:32:12,371: INFO:common:created directory at: artifacts/data_validation]
[2026-03-16 10:32:12,393: INFO:main:>>>>>> stage Data Validation stage completed <<<<<<

x==========x]
[2026-03-16 10:32:12,395: INFO:main:>>>>>> stage Data Transformation stage started <<<<<<]
[2026-03-16 10:32:12,404: INFO:common:yaml file: C:\Users\Its KaMrAN\Documents\Linux Docker\Wine Prediction ML\config\config.yaml loaded successfully]
[2026-03-16 10:32:12,406: INFO:common:yaml file: C:\Users\Its KaMrAN\Documents\Linux Docker\Wine Prediction ML\params.yaml loaded successfully]
[2026-03-16 10:32:12,408: INFO:common:yaml file: C:\Users\Its KaMrAN\Documents\Linux Docker\Wine Prediction ML\schema.yaml loaded successfully]
[2026-03-16 10:32:12,410: INFO:common:created directory at: artifacts]
[2026-03-16 10:32:12,411: INFO:common:created directory at: artifacts/data_transformation]
[2026-03-16 10:32:12,469: INFO:data_transformation:Splited data into training and test sets]
[2026-03-16 10:32:12,475: INFO:data_transformation:(857, 12)]
[2026-03-16 10:32:12,477: INFO:data_transformation:(286, 12)]
[2026-03-16 10:32:12,480: INFO:main:>>>>>> stage Data Transformation stage completed <<<<<<

x==========x]
[2026-03-16 10:32:12,487: INFO:main:>>>>>> stage Model Trainer stage started <<<<<<]
[2026-03-16 10:32:12,491: INFO:common:yaml file: C:\Users\Its KaMrAN\Documents\Linux Docker\Wine Prediction ML\config\config.yaml loaded successfully]
[2026-03-16 10:32:12,495: INFO:common:yaml file: C:\Users\Its KaMrAN\Documents\Linux Docker\Wine Prediction ML\params.yaml loaded successfully]
[2026-03-16 10:32:12,497: INFO:common:yaml file: C:\Users\Its KaMrAN\Documents\Linux Docker\Wine Prediction ML\schema.yaml loaded successfully]
[2026-03-16 10:32:12,500: INFO:common:created directory at: artifacts]
[2026-03-16 10:32:12,501: INFO:common:created directory at: artifacts/model_trainer]
[2026-03-16 10:32:14,426: INFO:main:>>>>>> stage Model Trainer stage completed <<<<<<

x==========x]
[2026-03-16 10:36:15,331: INFO:main:>>>>>> stage Data Ingestion stage started <<<<<<]
[2026-03-16 10:36:15,331: INFO:common:yaml file: C:\Users\Its KaMrAN\Documents\Linux Docker\Wine Prediction ML\config\config.yaml loaded successfully]
[2026-03-16 10:36:15,331: INFO:common:yaml file: C:\Users\Its KaMrAN\Documents\Linux Docker\Wine Prediction ML\params.yaml loaded successfully]
[2026-03-16 10:36:15,342: INFO:common:yaml file: C:\Users\Its KaMrAN\Documents\Linux Docker\Wine Prediction ML\schema.yaml loaded successfully]
[2026-03-16 10:36:15,344: INFO:common:created directory at: artifacts]
[2026-03-16 10:36:15,345: INFO:common:created directory at: artifacts/data_ingestion]
[2026-03-16 10:36:15,345: INFO:data_ingestion:File already exists of size: ~ 66 KB]
[2026-03-16 10:36:15,347: INFO:data_ingestion:File already in destination: artifacts/data_ingestion\WineQT.csv]
[2026-03-16 10:36:15,391: INFO:main:>>>>>> stage Data Ingestion stage completed <<<<<<

x==========x]
[2026-03-16 10:36:15,391: INFO:main:>>>>>> stage Data Validation stage started <<<<<<]
[2026-03-16 10:36:15,397: INFO:common:yaml file: C:\Users\Its KaMrAN\Documents\Linux Docker\Wine Prediction ML\config\config.yaml loaded successfully]
[2026-03-16 10:36:15,403: INFO:common:yaml file: C:\Users\Its KaMrAN\Documents\Linux Docker\Wine Prediction ML\params.yaml loaded successfully]
[2026-03-16 10:36:15,406: INFO:common:yaml file: C:\Users\Its KaMrAN\Documents\Linux Docker\Wine Prediction ML\schema.yaml loaded successfully]
[2026-03-16 10:36:15,408: INFO:common:created directory at: artifacts]
[2026-03-16 10:36:15,408: INFO:common:created directory at: artifacts/data_validation]
[2026-03-16 10:36:15,413: INFO:main:>>>>>> stage Data Validation stage completed <<<<<<

x==========x]
[2026-03-16 10:36:15,421: INFO:main:>>>>>> stage Data Transformation stage started <<<<<<]
[2026-03-16 10:36:15,431: INFO:common:yaml file: C:\Users\Its KaMrAN\Documents\Linux Docker\Wine Prediction ML\config\config.yaml loaded successfully]
[2026-03-16 10:36:15,431: INFO:common:yaml file: C:\Users\Its KaMrAN\Documents\Linux Docker\Wine Prediction ML\params.yaml loaded successfully]
[2026-03-16 10:36:15,431: INFO:common:yaml file: C:\Users\Its KaMrAN\Documents\Linux Docker\Wine Prediction ML\schema.yaml loaded successfully]
[2026-03-16 10:36:15,431: INFO:common:created directory at: artifacts]
[2026-03-16 10:36:15,441: INFO:common:created directory at: artifacts/data_transformation]
[2026-03-16 10:36:15,481: INFO:data_transformation:Splited data into training and test sets]
[2026-03-16 10:36:15,491: INFO:data_transformation:(857, 12)]
[2026-03-16 10:36:15,491: INFO:data_transformation:(286, 12)]
[2026-03-16 10:36:15,491: INFO:main:>>>>>> stage Data Transformation stage completed <<<<<<

x==========x]
[2026-03-16 10:36:15,491: INFO:main:>>>>>> stage Model Trainer stage started <<<<<<]
[2026-03-16 10:36:15,496: INFO:common:yaml file: C:\Users\Its KaMrAN\Documents\Linux Docker\Wine Prediction ML\config\config.yaml loaded successfully]
[2026-03-16 10:36:15,503: INFO:common:yaml file: C:\Users\Its KaMrAN\Documents\Linux Docker\Wine Prediction ML\params.yaml loaded successfully]
[2026-03-16 10:36:15,505: INFO:common:yaml file: C:\Users\Its KaMrAN\Documents\Linux Docker\Wine Prediction ML\schema.yaml loaded successfully]
[2026-03-16 10:36:15,505: INFO:common:created directory at: artifacts]
[2026-03-16 10:36:15,505: INFO:common:created directory at: artifacts/model_trainer]
[2026-03-16 10:36:15,597: INFO:main:>>>>>> stage Model Trainer stage completed <<<<<<

x==========x]
[2026-03-16 10:36:35,541: INFO:main:>>>>>> stage Data Ingestion stage started <<<<<<]
[2026-03-16 10:36:35,551: INFO:common:yaml file: C:\Users\Its KaMrAN\Documents\Linux Docker\Wine Prediction ML\config\config.yaml loaded successfully]
[2026-03-16 10:36:35,551: INFO:common:yaml file: C:\Users\Its KaMrAN\Documents\Linux Docker\Wine Prediction ML\params.yaml loaded successfully]
[2026-03-16 10:36:35,559: INFO:common:yaml file: C:\Users\Its KaMrAN\Documents\Linux Docker\Wine Prediction ML\schema.yaml loaded successfully]
[2026-03-16 10:36:35,562: INFO:common:created directory at: artifacts]
[2026-03-16 10:36:35,563: INFO:common:created directory at: artifacts/data_ingestion]
[2026-03-16 10:36:36,991: INFO:data_ingestion:artifacts/data_ingestion/WineQT.csv download! with following info: 
Content-type: application/vnd.ms-excel
Content-length: 78057
Last-modified: Sun, 08 Mar 2026 23:08:58 GMT

]
[2026-03-16 10:36:36,996: INFO:data_ingestion:File already in destination: artifacts/data_ingestion\WineQT.csv]
[2026-03-16 10:36:37,102: INFO:data_ingestion:Removed 'Id' column from WineQT.csv]
[2026-03-16 10:36:37,104: INFO:main:>>>>>> stage Data Ingestion stage completed <<<<<<

x==========x]
[2026-03-16 10:36:37,105: INFO:main:>>>>>> stage Data Validation stage started <<<<<<]
[2026-03-16 10:36:37,115: INFO:common:yaml file: C:\Users\Its KaMrAN\Documents\Linux Docker\Wine Prediction ML\config\config.yaml loaded successfully]
[2026-03-16 10:36:37,121: INFO:common:yaml file: C:\Users\Its KaMrAN\Documents\Linux Docker\Wine Prediction ML\params.yaml loaded successfully]
[2026-03-16 10:36:37,126: INFO:common:yaml file: C:\Users\Its KaMrAN\Documents\Linux Docker\Wine Prediction ML\schema.yaml loaded successfully]
[2026-03-16 10:36:37,135: INFO:common:created directory at: artifacts]
[2026-03-16 10:36:37,135: INFO:common:created directory at: artifacts/data_validation]
[2026-03-16 10:36:37,173: INFO:main:>>>>>> stage Data Validation stage completed <<<<<<

x==========x]
[2026-03-16 10:36:37,174: INFO:main:>>>>>> stage Data Transformation stage started <<<<<<]
[2026-03-16 10:36:37,190: INFO:common:yaml file: C:\Users\Its KaMrAN\Documents\Linux Docker\Wine Prediction ML\config\config.yaml loaded successfully]
[2026-03-16 10:36:37,192: INFO:common:yaml file: C:\Users\Its KaMrAN\Documents\Linux Docker\Wine Prediction ML\params.yaml loaded successfully]
[2026-03-16 10:36:37,201: INFO:common:yaml file: C:\Users\Its KaMrAN\Documents\Linux Docker\Wine Prediction ML\schema.yaml loaded successfully]
[2026-03-16 10:36:37,203: INFO:common:created directory at: artifacts]
[2026-03-16 10:36:37,205: INFO:common:created directory at: artifacts/data_transformation]
[2026-03-16 10:36:37,252: INFO:data_transformation:Splited data into training and test sets]
[2026-03-16 10:36:37,257: INFO:data_transformation:(857, 12)]
[2026-03-16 10:36:37,258: INFO:data_transformation:(286, 12)]
[2026-03-16 10:36:37,260: INFO:main:>>>>>> stage Data Transformation stage completed <<<<<<

x==========x]
[2026-03-16 10:36:37,266: INFO:main:>>>>>> stage Model Trainer stage started <<<<<<]
[2026-03-16 10:36:37,275: INFO:common:yaml file: C:\Users\Its KaMrAN\Documents\Linux Docker\Wine Prediction ML\config\config.yaml loaded successfully]
[2026-03-16 10:36:37,278: INFO:common:yaml file: C:\Users\Its KaMrAN\Documents\Linux Docker\Wine Prediction ML\params.yaml loaded successfully]
[2026-03-16 10:36:37,286: INFO:common:yaml file: C:\Users\Its KaMrAN\Documents\Linux Docker\Wine Prediction ML\schema.yaml loaded successfully]
[2026-03-16 10:36:37,286: INFO:common:created directory at: artifacts]
[2026-03-16 10:36:37,291: INFO:common:created directory at: artifacts/model_trainer]
[2026-03-16 10:36:37,375: INFO:main:>>>>>> stage Model Trainer stage completed <<<<<<

x==========x]
[2026-03-16 10:38:14,610: INFO:main:>>>>>> stage Data Ingestion stage started <<<<<<]
[2026-03-16 10:38:14,610: INFO:common:yaml file: C:\Users\Its KaMrAN\Documents\Linux Docker\Wine Prediction ML\config\config.yaml loaded successfully]
[2026-03-16 10:38:14,610: INFO:common:yaml file: C:\Users\Its KaMrAN\Documents\Linux Docker\Wine Prediction ML\params.yaml loaded successfully]
[2026-03-16 10:38:14,622: INFO:common:yaml file: C:\Users\Its KaMrAN\Documents\Linux Docker\Wine Prediction ML\schema.yaml loaded successfully]
[2026-03-16 10:38:14,624: INFO:common:created directory at: artifacts]
[2026-03-16 10:38:14,625: INFO:common:created directory at: artifacts/data_ingestion]
[2026-03-16 10:38:14,925: INFO:data_ingestion:artifacts/data_ingestion/WineQT.csv download! with following info: 
Content-type: application/vnd.ms-excel
Content-length: 78057
Last-modified: Sun, 08 Mar 2026 23:08:58 GMT

]
[2026-03-16 10:38:14,930: INFO:data_ingestion:File already in destination: artifacts/data_ingestion\WineQT.csv]
[2026-03-16 10:38:14,970: INFO:data_ingestion:Removed 'Id' column from WineQT.csv]
[2026-03-16 10:38:14,970: INFO:main:>>>>>> stage Data Ingestion stage completed <<<<<<

x==========x]
[2026-03-16 10:38:14,970: INFO:main:>>>>>> stage Data Validation stage started <<<<<<]
[2026-03-16 10:38:14,984: INFO:common:yaml file: C:\Users\Its KaMrAN\Documents\Linux Docker\Wine Prediction ML\config\config.yaml loaded successfully]
[2026-03-16 10:38:14,986: INFO:common:yaml file: C:\Users\Its KaMrAN\Documents\Linux Docker\Wine Prediction ML\params.yaml loaded successfully]
[2026-03-16 10:38:14,988: INFO:common:yaml file: C:\Users\Its KaMrAN\Documents\Linux Docker\Wine Prediction ML\schema.yaml loaded successfully]
[2026-03-16 10:38:14,988: INFO:common:created directory at: artifacts]
[2026-03-16 10:38:14,990: INFO:common:created directory at: artifacts/data_validation]
[2026-03-16 10:38:15,015: INFO:main:>>>>>> stage Data Validation stage completed <<<<<<

x==========x]
[2026-03-16 10:38:15,016: INFO:main:>>>>>> stage Data Transformation stage started <<<<<<]
[2026-03-16 10:38:15,021: INFO:common:yaml file: C:\Users\Its KaMrAN\Documents\Linux Docker\Wine Prediction ML\config\config.yaml loaded successfully]
[2026-03-16 10:38:15,021: INFO:common:yaml file: C:\Users\Its KaMrAN\Documents\Linux Docker\Wine Prediction ML\params.yaml loaded successfully]
[2026-03-16 10:38:15,028: INFO:common:yaml file: C:\Users\Its KaMrAN\Documents\Linux Docker\Wine Prediction ML\schema.yaml loaded successfully]
[2026-03-16 10:38:15,030: INFO:common:created directory at: artifacts]
[2026-03-16 10:38:15,032: INFO:common:created directory at: artifacts/data_transformation]
[2026-03-16 10:38:15,063: INFO:data_transformation:Splited data into training and test sets]
[2026-03-16 10:38:15,071: INFO:data_transformation:(857, 12)]
[2026-03-16 10:38:15,071: INFO:data_transformation:(286, 12)]
[2026-03-16 10:38:15,071: INFO:main:>>>>>> stage Data Transformation stage completed <<<<<<

x==========x]
[2026-03-16 10:38:15,071: INFO:main:>>>>>> stage Model Trainer stage started <<<<<<]
[2026-03-16 10:38:15,078: INFO:common:yaml file: C:\Users\Its KaMrAN\Documents\Linux Docker\Wine Prediction ML\config\config.yaml loaded successfully]
[2026-03-16 10:38:15,081: INFO:common:yaml file: C:\Users\Its KaMrAN\Documents\Linux Docker\Wine Prediction ML\params.yaml loaded successfully]
[2026-03-16 10:38:15,087: INFO:common:yaml file: C:\Users\Its KaMrAN\Documents\Linux Docker\Wine Prediction ML\schema.yaml loaded successfully]
[2026-03-16 10:38:15,088: INFO:common:created directory at: artifacts]
[2026-03-16 10:38:15,089: INFO:common:created directory at: artifacts/model_trainer]
[2026-03-16 10:38:15,173: INFO:main:>>>>>> stage Model Trainer stage completed <<<<<<

x==========x]
[2026-03-16 11:09:01,404: INFO:main:>>>>>> stage Data Ingestion stage started <<<<<<]
[2026-03-16 11:09:01,408: INFO:common:yaml file: C:\Users\Its KaMrAN\Documents\Linux Docker\Wine Prediction ML\config\config.yaml loaded successfully]
[2026-03-16 11:09:01,411: INFO:common:yaml file: C:\Users\Its KaMrAN\Documents\Linux Docker\Wine Prediction ML\params.yaml loaded successfully]
[2026-03-16 11:09:01,417: INFO:common:yaml file: C:\Users\Its KaMrAN\Documents\Linux Docker\Wine Prediction ML\schema.yaml loaded successfully]
[2026-03-16 11:09:01,419: INFO:common:created directory at: artifacts]
[2026-03-16 11:09:01,421: INFO:common:created directory at: artifacts/data_ingestion]
[2026-03-16 11:09:01,824: INFO:data_ingestion:artifacts/data_ingestion/WineQT.csv download! with following info: 
Content-type: application/vnd.ms-excel
Content-length: 78057
Last-modified: Sun, 08 Mar 2026 23:08:58 GMT

]
[2026-03-16 11:09:01,825: INFO:data_ingestion:File already in destination: artifacts/data_ingestion\WineQT.csv]
[2026-03-16 11:09:01,871: INFO:data_ingestion:Removed 'Id' column from WineQT.csv]
[2026-03-16 11:09:01,871: INFO:main:>>>>>> stage Data Ingestion stage completed <<<<<<

x==========x]
[2026-03-16 11:09:01,871: INFO:main:>>>>>> stage Data Validation stage started <<<<<<]
[2026-03-16 11:09:01,880: INFO:common:yaml file: C:\Users\Its KaMrAN\Documents\Linux Docker\Wine Prediction ML\config\config.yaml loaded successfully]
[2026-03-16 11:09:01,884: INFO:common:yaml file: C:\Users\Its KaMrAN\Documents\Linux Docker\Wine Prediction ML\params.yaml loaded successfully]
[2026-03-16 11:09:01,891: INFO:common:yaml file: C:\Users\Its KaMrAN\Documents\Linux Docker\Wine Prediction ML\schema.yaml loaded successfully]
[2026-03-16 11:09:01,891: INFO:common:created directory at: artifacts]
[2026-03-16 11:09:01,891: INFO:common:created directory at: artifacts/data_validation]
[2026-03-16 11:09:01,918: INFO:main:>>>>>> stage Data Validation stage completed <<<<<<

x==========x]
[2026-03-16 11:09:01,920: INFO:main:>>>>>> stage Data Transformation stage started <<<<<<]
[2026-03-16 11:09:01,925: INFO:common:yaml file: C:\Users\Its KaMrAN\Documents\Linux Docker\Wine Prediction ML\config\config.yaml loaded successfully]
[2026-03-16 11:09:01,928: INFO:common:yaml file: C:\Users\Its KaMrAN\Documents\Linux Docker\Wine Prediction ML\params.yaml loaded successfully]
[2026-03-16 11:09:01,932: INFO:common:yaml file: C:\Users\Its KaMrAN\Documents\Linux Docker\Wine Prediction ML\schema.yaml loaded successfully]
[2026-03-16 11:09:01,934: INFO:common:created directory at: artifacts]
[2026-03-16 11:09:01,935: INFO:common:created directory at: artifacts/data_transformation]
[2026-03-16 11:09:01,979: INFO:data_transformation:Splited data into training and test sets]
[2026-03-16 11:09:01,980: INFO:data_transformation:(857, 12)]
[2026-03-16 11:09:01,981: INFO:data_transformation:(286, 12)]
[2026-03-16 11:09:01,982: INFO:main:>>>>>> stage Data Transformation stage completed <<<<<<

x==========x]
[2026-03-16 11:09:01,983: INFO:main:>>>>>> stage Model Trainer stage started <<<<<<]
[2026-03-16 11:09:01,988: INFO:common:yaml file: C:\Users\Its KaMrAN\Documents\Linux Docker\Wine Prediction ML\config\config.yaml loaded successfully]
[2026-03-16 11:09:01,989: INFO:common:yaml file: C:\Users\Its KaMrAN\Documents\Linux Docker\Wine Prediction ML\params.yaml loaded successfully]
[2026-03-16 11:09:01,995: INFO:common:yaml file: C:\Users\Its KaMrAN\Documents\Linux Docker\Wine Prediction ML\schema.yaml loaded successfully]
[2026-03-16 11:09:01,998: INFO:common:created directory at: artifacts]
[2026-03-16 11:09:01,999: INFO:common:created directory at: artifacts/model_trainer]
[2026-03-16 11:09:02,072: INFO:main:>>>>>> stage Model Trainer stage completed <<<<<<

x==========x]
[2026-03-16 11:09:02,073: INFO:main:>>>>>> stage Model evaluation stage started <<<<<<]
[2026-03-16 11:09:02,079: INFO:common:yaml file: C:\Users\Its KaMrAN\Documents\Linux Docker\Wine Prediction ML\config\config.yaml loaded successfully]
[2026-03-16 11:09:02,081: INFO:common:yaml file: C:\Users\Its KaMrAN\Documents\Linux Docker\Wine Prediction ML\params.yaml loaded successfully]
[2026-03-16 11:09:02,084: INFO:common:yaml file: C:\Users\Its KaMrAN\Documents\Linux Docker\Wine Prediction ML\schema.yaml loaded successfully]
[2026-03-16 11:09:02,085: INFO:common:created directory at: artifacts]
[2026-03-16 11:09:02,086: INFO:common:created directory at: artifacts/model_evaluation]
[2026-03-16 11:09:02,151: INFO:common:json file saved at: artifacts\model_evaluation\metric.json]
[2026-03-16 11:09:02,151: INFO:main:>>>>>> stage Model evaluation stage completed <<<<<<

x==========x]
[2026-03-16 11:11:10,079: INFO:main:>>>>>> stage Data Ingestion stage started <<<<<<]
[2026-03-16 11:11:10,104: INFO:common:yaml file: C:\Users\Its KaMrAN\Documents\Linux Docker\Wine Prediction ML\config\config.yaml loaded successfully]
[2026-03-16 11:11:10,125: INFO:common:yaml file: C:\Users\Its KaMrAN\Documents\Linux Docker\Wine Prediction ML\params.yaml loaded successfully]
[2026-03-16 11:11:10,156: INFO:common:yaml file: C:\Users\Its KaMrAN\Documents\Linux Docker\Wine Prediction ML\schema.yaml loaded successfully]
[2026-03-16 11:11:10,198: INFO:common:created directory at: artifacts]
[2026-03-16 11:11:10,204: INFO:common:created directory at: artifacts/data_ingestion]
[2026-03-16 11:11:10,218: INFO:data_ingestion:File already exists of size: ~ 66 KB]
[2026-03-16 11:11:10,219: INFO:data_ingestion:File already in destination: artifacts/data_ingestion\WineQT.csv]
[2026-03-16 11:11:10,263: INFO:main:>>>>>> stage Data Ingestion stage completed <<<<<<

x==========x]
[2026-03-16 11:11:10,272: INFO:main:>>>>>> stage Data Validation stage started <<<<<<]
[2026-03-16 11:11:10,341: INFO:common:yaml file: C:\Users\Its KaMrAN\Documents\Linux Docker\Wine Prediction ML\config\config.yaml loaded successfully]
[2026-03-16 11:11:10,353: INFO:common:yaml file: C:\Users\Its KaMrAN\Documents\Linux Docker\Wine Prediction ML\params.yaml loaded successfully]
[2026-03-16 11:11:10,370: INFO:common:yaml file: C:\Users\Its KaMrAN\Documents\Linux Docker\Wine Prediction ML\schema.yaml loaded successfully]
[2026-03-16 11:11:10,379: INFO:common:created directory at: artifacts]
[2026-03-16 11:11:10,382: INFO:common:created directory at: artifacts/data_validation]
[2026-03-16 11:11:10,424: INFO:main:>>>>>> stage Data Validation stage completed <<<<<<

x==========x]
[2026-03-16 11:11:10,437: INFO:main:>>>>>> stage Data Transformation stage started <<<<<<]
[2026-03-16 11:11:10,452: INFO:common:yaml file: C:\Users\Its KaMrAN\Documents\Linux Docker\Wine Prediction ML\config\config.yaml loaded successfully]
[2026-03-16 11:11:10,456: INFO:common:yaml file: C:\Users\Its KaMrAN\Documents\Linux Docker\Wine Prediction ML\params.yaml loaded successfully]
[2026-03-16 11:11:10,468: INFO:common:yaml file: C:\Users\Its KaMrAN\Documents\Linux Docker\Wine Prediction ML\schema.yaml loaded successfully]
[2026-03-16 11:11:10,488: INFO:common:created directory at: artifacts]
[2026-03-16 11:11:10,499: INFO:common:created directory at: artifacts/data_transformation]
[2026-03-16 11:11:10,583: INFO:data_transformation:Splited data into training and test sets]
[2026-03-16 11:11:10,585: INFO:data_transformation:(857, 12)]
[2026-03-16 11:11:10,586: INFO:data_transformation:(286, 12)]
[2026-03-16 11:11:10,588: INFO:main:>>>>>> stage Data Transformation stage completed <<<<<<

x==========x]
[2026-03-16 11:11:10,588: INFO:main:>>>>>> stage Model Trainer stage started <<<<<<]
[2026-03-16 11:11:10,603: INFO:common:yaml file: C:\Users\Its KaMrAN\Documents\Linux Docker\Wine Prediction ML\config\config.yaml loaded successfully]
[2026-03-16 11:11:10,607: INFO:common:yaml file: C:\Users\Its KaMrAN\Documents\Linux Docker\Wine Prediction ML\params.yaml loaded successfully]
[2026-03-16 11:11:10,622: INFO:common:yaml file: C:\Users\Its KaMrAN\Documents\Linux Docker\Wine Prediction ML\schema.yaml loaded successfully]
[2026-03-16 11:11:10,625: INFO:common:created directory at: artifacts]
[2026-03-16 11:11:10,638: INFO:common:created directory at: artifacts/model_trainer]
[2026-03-16 11:11:10,765: INFO:main:>>>>>> stage Model Trainer stage completed <<<<<<

x==========x]
[2026-03-16 11:11:10,766: INFO:main:>>>>>> stage Model evaluation stage started <<<<<<]
[2026-03-16 11:11:10,774: INFO:common:yaml file: C:\Users\Its KaMrAN\Documents\Linux Docker\Wine Prediction ML\config\config.yaml loaded successfully]
[2026-03-16 11:11:10,782: INFO:common:yaml file: C:\Users\Its KaMrAN\Documents\Linux Docker\Wine Prediction ML\params.yaml loaded successfully]
[2026-03-16 11:11:10,789: INFO:common:yaml file: C:\Users\Its KaMrAN\Documents\Linux Docker\Wine Prediction ML\schema.yaml loaded successfully]
[2026-03-16 11:11:10,807: INFO:common:created directory at: artifacts]
[2026-03-16 11:11:10,811: INFO:common:created directory at: artifacts/model_evaluation]
[2026-03-16 11:11:10,903: INFO:common:json file saved at: artifacts\model_evaluation\metric.json]
[2026-03-16 11:11:10,904: INFO:main:>>>>>> stage Model evaluation stage completed <<<<<<

x==========x]
[2026-03-16 11:12:20,503: INFO:main:>>>>>> stage Data Ingestion stage started <<<<<<]
[2026-03-16 11:12:20,527: INFO:common:yaml file: C:\Users\Its KaMrAN\Documents\Linux Docker\Wine Prediction ML\config\config.yaml loaded successfully]
[2026-03-16 11:12:20,546: INFO:common:yaml file: C:\Users\Its KaMrAN\Documents\Linux Docker\Wine Prediction ML\params.yaml loaded successfully]
[2026-03-16 11:12:20,563: INFO:common:yaml file: C:\Users\Its KaMrAN\Documents\Linux Docker\Wine Prediction ML\schema.yaml loaded successfully]
[2026-03-16 11:12:20,567: INFO:common:created directory at: artifacts]
[2026-03-16 11:12:20,570: INFO:common:created directory at: artifacts/data_ingestion]
[2026-03-16 11:12:20,573: INFO:data_ingestion:File already exists of size: ~ 66 KB]
[2026-03-16 11:12:20,578: INFO:data_ingestion:File already in destination: artifacts/data_ingestion\WineQT.csv]
[2026-03-16 11:12:20,600: INFO:main:>>>>>> stage Data Ingestion stage completed <<<<<<

x==========x]
[2026-03-16 11:12:20,603: INFO:main:>>>>>> stage Data Validation stage started <<<<<<]
[2026-03-16 11:12:20,610: INFO:common:yaml file: C:\Users\Its KaMrAN\Documents\Linux Docker\Wine Prediction ML\config\config.yaml loaded successfully]
[2026-03-16 11:12:20,618: INFO:common:yaml file: C:\Users\Its KaMrAN\Documents\Linux Docker\Wine Prediction ML\params.yaml loaded successfully]
[2026-03-16 11:12:20,629: INFO:common:yaml file: C:\Users\Its KaMrAN\Documents\Linux Docker\Wine Prediction ML\schema.yaml loaded successfully]
[2026-03-16 11:12:20,631: INFO:common:created directory at: artifacts]
[2026-03-16 11:12:20,633: INFO:common:created directory at: artifacts/data_validation]
[2026-03-16 11:12:20,645: INFO:main:>>>>>> stage Data Validation stage completed <<<<<<

x==========x]
[2026-03-16 11:12:20,647: INFO:main:>>>>>> stage Data Transformation stage started <<<<<<]
[2026-03-16 11:12:20,654: INFO:common:yaml file: C:\Users\Its KaMrAN\Documents\Linux Docker\Wine Prediction ML\config\config.yaml loaded successfully]
[2026-03-16 11:12:20,660: INFO:common:yaml file: C:\Users\Its KaMrAN\Documents\Linux Docker\Wine Prediction ML\params.yaml loaded successfully]
[2026-03-16 11:12:20,668: INFO:common:yaml file: C:\Users\Its KaMrAN\Documents\Linux Docker\Wine Prediction ML\schema.yaml loaded successfully]
[2026-03-16 11:12:20,671: INFO:common:created directory at: artifacts]
[2026-03-16 11:12:20,672: INFO:common:created directory at: artifacts/data_transformation]
[2026-03-16 11:12:20,716: INFO:data_transformation:Splited data into training and test sets]
[2026-03-16 11:12:20,716: INFO:data_transformation:(857, 12)]
[2026-03-16 11:12:20,717: INFO:data_transformation:(286, 12)]
[2026-03-16 11:12:20,719: INFO:main:>>>>>> stage Data Transformation stage completed <<<<<<

x==========x]
[2026-03-16 11:12:20,719: INFO:main:>>>>>> stage Model Trainer stage started <<<<<<]
[2026-03-16 11:12:20,725: INFO:common:yaml file: C:\Users\Its KaMrAN\Documents\Linux Docker\Wine Prediction ML\config\config.yaml loaded successfully]
[2026-03-16 11:12:20,730: INFO:common:yaml file: C:\Users\Its KaMrAN\Documents\Linux Docker\Wine Prediction ML\params.yaml loaded successfully]
[2026-03-16 11:12:20,732: INFO:common:yaml file: C:\Users\Its KaMrAN\Documents\Linux Docker\Wine Prediction ML\schema.yaml loaded successfully]
[2026-03-16 11:12:20,735: INFO:common:created directory at: artifacts]
[2026-03-16 11:12:20,736: INFO:common:created directory at: artifacts/model_trainer]
[2026-03-16 11:12:20,797: INFO:main:>>>>>> stage Model Trainer stage completed <<<<<<

x==========x]
[2026-03-16 11:12:20,798: INFO:main:>>>>>> stage Model evaluation stage started <<<<<<]
[2026-03-16 11:12:20,803: INFO:common:yaml file: C:\Users\Its KaMrAN\Documents\Linux Docker\Wine Prediction ML\config\config.yaml loaded successfully]
[2026-03-16 11:12:20,805: INFO:common:yaml file: C:\Users\Its KaMrAN\Documents\Linux Docker\Wine Prediction ML\params.yaml loaded successfully]
[2026-03-16 11:12:20,815: INFO:common:yaml file: C:\Users\Its KaMrAN\Documents\Linux Docker\Wine Prediction ML\schema.yaml loaded successfully]
[2026-03-16 11:12:20,816: INFO:common:created directory at: artifacts]
[2026-03-16 11:12:20,817: INFO:common:created directory at: artifacts/model_evaluation]
[2026-03-16 11:12:20,851: INFO:common:json file saved at: artifacts\model_evaluation\metric.json]
[2026-03-16 11:12:20,851: INFO:main:>>>>>> stage Model evaluation stage completed <<<<<<

x==========x]
[2026-03-16 12:04:04,803: INFO:main:>>>>>> stage Data Ingestion stage started <<<<<<]
[2026-03-16 12:04:04,809: INFO:common:yaml file: C:\Users\Its KaMrAN\Documents\Linux Docker\Wine Prediction ML\config\config.yaml loaded successfully]
[2026-03-16 12:04:04,813: INFO:common:yaml file: C:\Users\Its KaMrAN\Documents\Linux Docker\Wine Prediction ML\params.yaml loaded successfully]
[2026-03-16 12:04:04,820: INFO:common:yaml file: C:\Users\Its KaMrAN\Documents\Linux Docker\Wine Prediction ML\schema.yaml loaded successfully]
[2026-03-16 12:04:04,823: INFO:common:created directory at: artifacts]
[2026-03-16 12:04:04,824: INFO:common:created directory at: artifacts/data_ingestion]
[2026-03-16 12:04:04,825: INFO:data_ingestion:File already exists of size: ~ 66 KB]
[2026-03-16 12:04:04,826: INFO:data_ingestion:File already in destination: artifacts/data_ingestion\WineQT.csv]
[2026-03-16 12:04:04,886: INFO:main:>>>>>> stage Data Ingestion stage completed <<<<<<

x==========x]
[2026-03-16 12:04:04,886: INFO:main:>>>>>> stage Data Validation stage started <<<<<<]
[2026-03-16 12:04:04,892: INFO:common:yaml file: C:\Users\Its KaMrAN\Documents\Linux Docker\Wine Prediction ML\config\config.yaml loaded successfully]
[2026-03-16 12:04:04,894: INFO:common:yaml file: C:\Users\Its KaMrAN\Documents\Linux Docker\Wine Prediction ML\params.yaml loaded successfully]
[2026-03-16 12:04:04,900: INFO:common:yaml file: C:\Users\Its KaMrAN\Documents\Linux Docker\Wine Prediction ML\schema.yaml loaded successfully]
[2026-03-16 12:04:04,903: INFO:common:created directory at: artifacts]
[2026-03-16 12:04:04,904: INFO:common:created directory at: artifacts/data_validation]
[2026-03-16 12:04:04,918: INFO:main:>>>>>> stage Data Validation stage completed <<<<<<

x==========x]
[2026-03-16 12:04:04,922: INFO:main:>>>>>> stage Data Transformation stage started <<<<<<]
[2026-03-16 12:04:04,935: INFO:common:yaml file: C:\Users\Its KaMrAN\Documents\Linux Docker\Wine Prediction ML\config\config.yaml loaded successfully]
[2026-03-16 12:04:04,938: INFO:common:yaml file: C:\Users\Its KaMrAN\Documents\Linux Docker\Wine Prediction ML\params.yaml loaded successfully]
[2026-03-16 12:04:04,943: INFO:common:yaml file: C:\Users\Its KaMrAN\Documents\Linux Docker\Wine Prediction ML\schema.yaml loaded successfully]
[2026-03-16 12:04:04,945: INFO:common:created directory at: artifacts]
[2026-03-16 12:04:04,946: INFO:common:created directory at: artifacts/data_transformation]
[2026-03-16 12:04:04,991: INFO:data_transformation:Splited data into training and test sets]
[2026-03-16 12:04:04,991: INFO:data_transformation:(857, 12)]
[2026-03-16 12:04:04,992: INFO:data_transformation:(286, 12)]
[2026-03-16 12:04:04,993: INFO:main:>>>>>> stage Data Transformation stage completed <<<<<<

x==========x]
[2026-03-16 12:04:04,994: INFO:main:>>>>>> stage Model Trainer stage started <<<<<<]
[2026-03-16 12:04:05,002: INFO:common:yaml file: C:\Users\Its KaMrAN\Documents\Linux Docker\Wine Prediction ML\config\config.yaml loaded successfully]
[2026-03-16 12:04:05,007: INFO:common:yaml file: C:\Users\Its KaMrAN\Documents\Linux Docker\Wine Prediction ML\params.yaml loaded successfully]
[2026-03-16 12:04:05,012: INFO:common:yaml file: C:\Users\Its KaMrAN\Documents\Linux Docker\Wine Prediction ML\schema.yaml loaded successfully]
[2026-03-16 12:04:05,019: INFO:common:created directory at: artifacts]
[2026-03-16 12:04:05,020: INFO:common:created directory at: artifacts/model_trainer]
[2026-03-16 12:04:05,086: INFO:main:>>>>>> stage Model Trainer stage completed <<<<<<

x==========x]
[2026-03-16 12:04:05,087: INFO:main:>>>>>> stage Model evaluation stage started <<<<<<]
[2026-03-16 12:04:05,093: INFO:common:yaml file: C:\Users\Its KaMrAN\Documents\Linux Docker\Wine Prediction ML\config\config.yaml loaded successfully]
[2026-03-16 12:04:05,095: INFO:common:yaml file: C:\Users\Its KaMrAN\Documents\Linux Docker\Wine Prediction ML\params.yaml loaded successfully]
[2026-03-16 12:04:05,100: INFO:common:yaml file: C:\Users\Its KaMrAN\Documents\Linux Docker\Wine Prediction ML\schema.yaml loaded successfully]
[2026-03-16 12:04:05,102: INFO:common:created directory at: artifacts]
[2026-03-16 12:04:05,103: INFO:common:created directory at: artifacts/model_evaluation]
[2026-03-16 12:04:05,152: INFO:common:json file saved at: artifacts\model_evaluation\metric.json]
[2026-03-16 12:04:05,153: INFO:main:>>>>>> stage Model evaluation stage completed <<<<<<

x==========x]
[2026-03-16 12:32:31,004: INFO:main:>>>>>> stage Data Ingestion stage started <<<<<<]
[2026-03-16 12:32:31,009: INFO:common:yaml file: C:\Users\Its KaMrAN\Documents\Linux Docker\Wine Prediction ML\config\config.yaml loaded successfully]
[2026-03-16 12:32:31,011: INFO:common:yaml file: C:\Users\Its KaMrAN\Documents\Linux Docker\Wine Prediction ML\params.yaml loaded successfully]
[2026-03-16 12:32:31,018: INFO:common:yaml file: C:\Users\Its KaMrAN\Documents\Linux Docker\Wine Prediction ML\schema.yaml loaded successfully]
[2026-03-16 12:32:31,022: INFO:common:created directory at: artifacts]
[2026-03-16 12:32:31,023: INFO:common:created directory at: artifacts/data_ingestion]
[2026-03-16 12:32:31,024: INFO:data_ingestion:File already exists of size: ~ 66 KB]
[2026-03-16 12:32:31,025: INFO:data_ingestion:File already in destination: artifacts/data_ingestion\WineQT.csv]
[2026-03-16 12:32:31,043: INFO:main:>>>>>> stage Data Ingestion stage completed <<<<<<

x==========x]
[2026-03-16 12:32:31,049: INFO:main:>>>>>> stage Data Validation stage started <<<<<<]
[2026-03-16 12:32:31,064: INFO:common:yaml file: C:\Users\Its KaMrAN\Documents\Linux Docker\Wine Prediction ML\config\config.yaml loaded successfully]
[2026-03-16 12:32:31,066: INFO:common:yaml file: C:\Users\Its KaMrAN\Documents\Linux Docker\Wine Prediction ML\params.yaml loaded successfully]
[2026-03-16 12:32:31,074: INFO:common:yaml file: C:\Users\Its KaMrAN\Documents\Linux Docker\Wine Prediction ML\schema.yaml loaded successfully]
[2026-03-16 12:32:31,077: INFO:common:created directory at: artifacts]
[2026-03-16 12:32:31,079: INFO:common:created directory at: artifacts/data_validation]
[2026-03-16 12:32:31,095: INFO:main:>>>>>> stage Data Validation stage completed <<<<<<

x==========x]
[2026-03-16 12:32:31,099: INFO:main:>>>>>> stage Data Transformation stage started <<<<<<]
[2026-03-16 12:32:31,111: INFO:common:yaml file: C:\Users\Its KaMrAN\Documents\Linux Docker\Wine Prediction ML\config\config.yaml loaded successfully]
[2026-03-16 12:32:31,123: INFO:common:yaml file: C:\Users\Its KaMrAN\Documents\Linux Docker\Wine Prediction ML\params.yaml loaded successfully]
[2026-03-16 12:32:31,126: INFO:common:yaml file: C:\Users\Its KaMrAN\Documents\Linux Docker\Wine Prediction ML\schema.yaml loaded successfully]
[2026-03-16 12:32:31,131: INFO:common:created directory at: artifacts]
[2026-03-16 12:32:31,132: INFO:common:created directory at: artifacts/data_transformation]
[2026-03-16 12:32:31,190: INFO:data_transformation:Splited data into training and test sets]
[2026-03-16 12:32:31,194: INFO:data_transformation:(857, 12)]
[2026-03-16 12:32:31,195: INFO:data_transformation:(286, 12)]
[2026-03-16 12:32:31,197: INFO:main:>>>>>> stage Data Transformation stage completed <<<<<<

x==========x]
[2026-03-16 12:32:31,197: INFO:main:>>>>>> stage Model Trainer stage started <<<<<<]
[2026-03-16 12:32:31,205: INFO:common:yaml file: C:\Users\Its KaMrAN\Documents\Linux Docker\Wine Prediction ML\config\config.yaml loaded successfully]
[2026-03-16 12:32:31,207: INFO:common:yaml file: C:\Users\Its KaMrAN\Documents\Linux Docker\Wine Prediction ML\params.yaml loaded successfully]
[2026-03-16 12:32:31,214: INFO:common:yaml file: C:\Users\Its KaMrAN\Documents\Linux Docker\Wine Prediction ML\schema.yaml loaded successfully]
[2026-03-16 12:32:31,223: INFO:common:created directory at: artifacts]
[2026-03-16 12:32:31,225: INFO:common:created directory at: artifacts/model_trainer]
[2026-03-16 12:32:31,329: INFO:main:>>>>>> stage Model Trainer stage completed <<<<<<

x==========x]
[2026-03-16 12:32:31,329: INFO:main:>>>>>> stage Model evaluation stage started <<<<<<]
[2026-03-16 12:32:31,337: INFO:common:yaml file: C:\Users\Its KaMrAN\Documents\Linux Docker\Wine Prediction ML\config\config.yaml loaded successfully]
[2026-03-16 12:32:31,343: INFO:common:yaml file: C:\Users\Its KaMrAN\Documents\Linux Docker\Wine Prediction ML\params.yaml loaded successfully]
[2026-03-16 12:32:31,351: INFO:common:yaml file: C:\Users\Its KaMrAN\Documents\Linux Docker\Wine Prediction ML\schema.yaml loaded successfully]
[2026-03-16 12:32:31,357: INFO:common:created directory at: artifacts]
[2026-03-16 12:32:31,358: INFO:common:created directory at: artifacts/model_evaluation]
[2026-03-16 12:32:31,446: INFO:common:json file saved at: artifacts\model_evaluation\metric.json]
[2026-03-16 12:32:31,447: INFO:main:>>>>>> stage Model evaluation stage completed <<<<<<

x==========x]
[2026-03-16 12:32:49,707: INFO:main:>>>>>> stage Data Ingestion stage started <<<<<<]
[2026-03-16 12:32:49,716: INFO:common:yaml file: C:\Users\Its KaMrAN\Documents\Linux Docker\Wine Prediction ML\config\config.yaml loaded successfully]
[2026-03-16 12:32:49,738: INFO:common:yaml file: C:\Users\Its KaMrAN\Documents\Linux Docker\Wine Prediction ML\params.yaml loaded successfully]
[2026-03-16 12:32:49,777: INFO:common:yaml file: C:\Users\Its KaMrAN\Documents\Linux Docker\Wine Prediction ML\schema.yaml loaded successfully]
[2026-03-16 12:32:49,793: INFO:common:created directory at: artifacts]
[2026-03-16 12:32:49,796: INFO:common:created directory at: artifacts/data_ingestion]
[2026-03-16 12:32:49,799: INFO:data_ingestion:File already exists of size: ~ 66 KB]
[2026-03-16 12:32:49,809: INFO:data_ingestion:File already in destination: artifacts/data_ingestion\WineQT.csv]
[2026-03-16 12:32:49,856: INFO:main:>>>>>> stage Data Ingestion stage completed <<<<<<

x==========x]
[2026-03-16 12:32:49,859: INFO:main:>>>>>> stage Data Validation stage started <<<<<<]
[2026-03-16 12:32:49,876: INFO:common:yaml file: C:\Users\Its KaMrAN\Documents\Linux Docker\Wine Prediction ML\config\config.yaml loaded successfully]
[2026-03-16 12:32:49,881: INFO:common:yaml file: C:\Users\Its KaMrAN\Documents\Linux Docker\Wine Prediction ML\params.yaml loaded successfully]
[2026-03-16 12:32:49,893: INFO:common:yaml file: C:\Users\Its KaMrAN\Documents\Linux Docker\Wine Prediction ML\schema.yaml loaded successfully]
[2026-03-16 12:32:49,896: INFO:common:created directory at: artifacts]
[2026-03-16 12:32:49,897: INFO:common:created directory at: artifacts/data_validation]
[2026-03-16 12:32:49,942: INFO:main:>>>>>> stage Data Validation stage completed <<<<<<

x==========x]
[2026-03-16 12:32:49,945: INFO:main:>>>>>> stage Data Transformation stage started <<<<<<]
[2026-03-16 12:32:49,964: INFO:common:yaml file: C:\Users\Its KaMrAN\Documents\Linux Docker\Wine Prediction ML\config\config.yaml loaded successfully]
[2026-03-16 12:32:49,976: INFO:common:yaml file: C:\Users\Its KaMrAN\Documents\Linux Docker\Wine Prediction ML\params.yaml loaded successfully]
[2026-03-16 12:32:49,980: INFO:common:yaml file: C:\Users\Its KaMrAN\Documents\Linux Docker\Wine Prediction ML\schema.yaml loaded successfully]
[2026-03-16 12:32:49,991: INFO:common:created directory at: artifacts]
[2026-03-16 12:32:49,994: INFO:common:created directory at: artifacts/data_transformation]
[2026-03-16 12:32:50,076: INFO:data_transformation:Splited data into training and test sets]
[2026-03-16 12:32:50,077: INFO:data_transformation:(857, 12)]
[2026-03-16 12:32:50,079: INFO:data_transformation:(286, 12)]
[2026-03-16 12:32:50,081: INFO:main:>>>>>> stage Data Transformation stage completed <<<<<<

x==========x]
[2026-03-16 12:32:50,089: INFO:main:>>>>>> stage Model Trainer stage started <<<<<<]
[2026-03-16 12:32:50,099: INFO:common:yaml file: C:\Users\Its KaMrAN\Documents\Linux Docker\Wine Prediction ML\config\config.yaml loaded successfully]
[2026-03-16 12:32:50,108: INFO:common:yaml file: C:\Users\Its KaMrAN\Documents\Linux Docker\Wine Prediction ML\params.yaml loaded successfully]
[2026-03-16 12:32:50,114: INFO:common:yaml file: C:\Users\Its KaMrAN\Documents\Linux Docker\Wine Prediction ML\schema.yaml loaded successfully]
[2026-03-16 12:32:50,116: INFO:common:created directory at: artifacts]
[2026-03-16 12:32:50,123: INFO:common:created directory at: artifacts/model_trainer]
[2026-03-16 12:32:50,192: INFO:main:>>>>>> stage Model Trainer stage completed <<<<<<

x==========x]
[2026-03-16 12:32:50,195: INFO:main:>>>>>> stage Model evaluation stage started <<<<<<]
[2026-03-16 12:32:50,204: INFO:common:yaml file: C:\Users\Its KaMrAN\Documents\Linux Docker\Wine Prediction ML\config\config.yaml loaded successfully]
[2026-03-16 12:32:50,207: INFO:common:yaml file: C:\Users\Its KaMrAN\Documents\Linux Docker\Wine Prediction ML\params.yaml loaded successfully]
[2026-03-16 12:32:50,214: INFO:common:yaml file: C:\Users\Its KaMrAN\Documents\Linux Docker\Wine Prediction ML\schema.yaml loaded successfully]
[2026-03-16 12:32:50,216: INFO:common:created directory at: artifacts]
[2026-03-16 12:32:50,216: INFO:common:created directory at: artifacts/model_evaluation]
[2026-03-16 12:32:50,290: INFO:common:json file saved at: artifacts\model_evaluation\metric.json]
[2026-03-16 12:32:50,292: INFO:main:>>>>>> stage Model evaluation stage completed <<<<<<

x==========x]
[2026-03-16 13:39:38,852: INFO:_internal:[31m[1mWARNING: This is a development server. Do not use it in a production deployment. Use a production WSGI server instead.[0m
 * Running on all addresses (0.0.0.0)
 * Running on http://127.0.0.1:8080
 * Running on http://192.168.100.5:8080]
[2026-03-16 13:39:38,867: INFO:_internal:[33mPress CTRL+C to quit[0m]
[2026-03-16 13:39:47,150: INFO:_internal:127.0.0.1 - - [16/Mar/2026 13:39:47] "GET / HTTP/1.1" 200 -]
[2026-03-16 13:39:47,452: INFO:_internal:127.0.0.1 - - [16/Mar/2026 13:39:47] "[36mGET /static/css/modern-theme.css HTTP/1.1[0m" 304 -]
[2026-03-16 13:39:47,702: INFO:_internal:127.0.0.1 - - [16/Mar/2026 13:39:47] "[33mGET /static/assets/img/wine.jpg HTTP/1.1[0m" 404 -]
[2026-03-16 13:41:11,541: INFO:_internal:127.0.0.1 - - [16/Mar/2026 13:41:11] "POST /predict HTTP/1.1" 200 -]
[2026-03-16 13:41:11,647: INFO:_internal:127.0.0.1 - - [16/Mar/2026 13:41:11] "GET /static/css/styles.css HTTP/1.1" 200 -]
[2026-03-16 13:41:11,699: INFO:_internal:127.0.0.1 - - [16/Mar/2026 13:41:11] "GET /static/css2/style.css HTTP/1.1" 200 -]
[2026-03-16 13:41:11,716: INFO:_internal:127.0.0.1 - - [16/Mar/2026 13:41:11] "GET /static/css2/nunito-font.css HTTP/1.1" 200 -]
[2026-03-16 13:41:11,722: INFO:_internal:127.0.0.1 - - [16/Mar/2026 13:41:11] "GET /static/js/scripts.js HTTP/1.1" 200 -]
[2026-03-16 13:41:12,644: INFO:_internal:127.0.0.1 - - [16/Mar/2026 13:41:12] "[33mGET /static/assets/img/wine.jpg HTTP/1.1[0m" 404 -]
[2026-03-16 13:41:12,690: INFO:_internal:127.0.0.1 - - [16/Mar/2026 13:41:12] "GET /static/assets/img/form-v9.jpg HTTP/1.1" 200 -]
[2026-03-16 13:41:12,762: INFO:_internal:127.0.0.1 - - [16/Mar/2026 13:41:12] "[33mGET /static/fonts/Nunito/Nunito-Bold.ttf HTTP/1.1[0m" 404 -]
[2026-03-16 13:41:30,155: INFO:_internal:127.0.0.1 - - [16/Mar/2026 13:41:30] "POST /predict HTTP/1.1" 200 -]
[2026-03-16 13:41:30,444: INFO:_internal:127.0.0.1 - - [16/Mar/2026 13:41:30] "[36mGET /static/css/styles.css HTTP/1.1[0m" 304 -]
[2026-03-16 13:41:30,545: INFO:_internal:127.0.0.1 - - [16/Mar/2026 13:41:30] "[36mGET /static/css2/nunito-font.css HTTP/1.1[0m" 304 -]
[2026-03-16 13:41:30,564: INFO:_internal:127.0.0.1 - - [16/Mar/2026 13:41:30] "[36mGET /static/css2/style.css HTTP/1.1[0m" 304 -]
[2026-03-16 13:41:30,577: INFO:_internal:127.0.0.1 - - [16/Mar/2026 13:41:30] "[36mGET /static/js/scripts.js HTTP/1.1[0m" 304 -]
[2026-03-16 13:41:31,336: INFO:_internal:127.0.0.1 - - [16/Mar/2026 13:41:31] "[33mGET /static/assets/img/wine.jpg HTTP/1.1[0m" 404 -]
[2026-03-16 13:41:31,387: INFO:_internal:127.0.0.1 - - [16/Mar/2026 13:41:31] "[36mGET /static/assets/img/form-v9.jpg HTTP/1.1[0m" 304 -]
[2026-03-16 13:41:31,403: INFO:_internal:127.0.0.1 - - [16/Mar/2026 13:41:31] "[33mGET /static/fonts/Nunito/Nunito-Bold.ttf HTTP/1.1[0m" 404 -]
[2026-03-16 13:43:43,264: INFO:_internal:[31m[1mWARNING: This is a development server. Do not use it in a production deployment. Use a production WSGI server instead.[0m
 * Running on all addresses (0.0.0.0)
 * Running on http://127.0.0.1:8080
 * Running on http://192.168.100.5:8080]
[2026-03-16 13:43:43,265: INFO:_internal:[33mPress CTRL+C to quit[0m]
[2026-03-16 13:44:19,116: INFO:_internal:127.0.0.1 - - [16/Mar/2026 13:44:19] "GET / HTTP/1.1" 200 -]
[2026-03-16 13:44:20,180: INFO:_internal:127.0.0.1 - - [16/Mar/2026 13:44:20] "GET /static/css/modern-theme.css HTTP/1.1" 200 -]
[2026-03-16 13:44:24,752: INFO:_internal:127.0.0.1 - - [16/Mar/2026 13:44:24] "[33mGET /static/assets/img/wine.jpg HTTP/1.1[0m" 404 -]
[2026-03-16 13:44:25,070: INFO:_internal:127.0.0.1 - - [16/Mar/2026 13:44:25] "GET /static/assets/favicon.ico HTTP/1.1" 200 -]
[2026-03-16 13:45:14,391: INFO:_internal:127.0.0.1 - - [16/Mar/2026 13:45:14] "POST /predict HTTP/1.1" 200 -]
[2026-03-16 13:45:16,873: INFO:_internal:127.0.0.1 - - [16/Mar/2026 13:45:16] "GET /static/css/styles.css HTTP/1.1" 200 -]
[2026-03-16 13:45:16,919: INFO:_internal:127.0.0.1 - - [16/Mar/2026 13:45:16] "GET /static/css2/nunito-font.css HTTP/1.1" 200 -]
[2026-03-16 13:45:16,936: INFO:_internal:127.0.0.1 - - [16/Mar/2026 13:45:16] "GET /static/css2/style.css HTTP/1.1" 200 -]
[2026-03-16 13:45:16,955: INFO:_internal:127.0.0.1 - - [16/Mar/2026 13:45:16] "GET /static/js/scripts.js HTTP/1.1" 200 -]
[2026-03-16 13:45:18,055: INFO:_internal:127.0.0.1 - - [16/Mar/2026 13:45:18] "GET /static/assets/img/form-v9.jpg HTTP/1.1" 200 -]
[2026-03-16 13:45:18,363: INFO:_internal:127.0.0.1 - - [16/Mar/2026 13:45:18] "[33mGET /static/fonts/Nunito/Nunito-Bold.ttf HTTP/1.1[0m" 404 -]
[2026-03-16 13:45:18,479: INFO:_internal:127.0.0.1 - - [16/Mar/2026 13:45:18] "[33mGET /static/assets/img/wine.jpg HTTP/1.1[0m" 404 -]
[2026-03-16 13:47:07,108: INFO:_internal:[31m[1mWARNING: This is a development server. Do not use it in a production deployment. Use a production WSGI server instead.[0m
 * Running on all addresses (0.0.0.0)
 * Running on http://127.0.0.1:8080
 * Running on http://192.168.100.5:8080]
[2026-03-16 13:47:07,111: INFO:_internal:[33mPress CTRL+C to quit[0m]
[2026-03-16 13:48:16,264: INFO:_internal:[31m[1mWARNING: This is a development server. Do not use it in a production deployment. Use a production WSGI server instead.[0m
 * Running on all addresses (0.0.0.0)
 * Running on http://127.0.0.1:8080
 * Running on http://192.168.100.5:8080]
[2026-03-16 13:48:16,269: INFO:_internal:[33mPress CTRL+C to quit[0m]
[2026-03-16 13:48:22,497: INFO:_internal:127.0.0.1 - - [16/Mar/2026 13:48:22] "GET / HTTP/1.1" 200 -]
[2026-03-16 13:48:22,778: INFO:_internal:127.0.0.1 - - [16/Mar/2026 13:48:22] "GET /static/css/modern-theme.css?v=2.0 HTTP/1.1" 200 -]
[2026-03-16 13:48:22,905: INFO:_internal:127.0.0.1 - - [16/Mar/2026 13:48:22] "[33mGET /static/assets/img/wine.jpg HTTP/1.1[0m" 404 -]
[2026-03-16 13:49:11,496: INFO:_internal:127.0.0.1 - - [16/Mar/2026 13:49:11] "POST /predict HTTP/1.1" 200 -]
[2026-03-16 13:49:11,617: INFO:_internal:127.0.0.1 - - [16/Mar/2026 13:49:11] "[36mGET /static/css/modern-theme.css?v=2.0 HTTP/1.1[0m" 304 -]
[2026-03-16 13:49:11,679: INFO:_internal:127.0.0.1 - - [16/Mar/2026 13:49:11] "[36mGET /static/js/scripts.js HTTP/1.1[0m" 304 -]
[2026-03-16 13:49:28,649: INFO:_internal:127.0.0.1 - - [16/Mar/2026 13:49:28] "GET / HTTP/1.1" 200 -]
[2026-03-16 13:49:28,832: INFO:_internal:127.0.0.1 - - [16/Mar/2026 13:49:28] "[36mGET /static/css/modern-theme.css?v=2.0 HTTP/1.1[0m" 304 -]
[2026-03-16 13:49:29,201: INFO:_internal:127.0.0.1 - - [16/Mar/2026 13:49:29] "[33mGET /static/assets/img/wine.jpg HTTP/1.1[0m" 404 -]
