[2026-03-15 03:26:59,732: INFO:common:yaml file: config\config.yaml loaded successfully]
[2026-03-15 03:26:59,736: INFO:common:yaml file: params.yaml loaded successfully]
[2026-03-15 03:26:59,744: INFO:common:yaml file: schema.yaml loaded successfully]
[2026-03-15 03:26:59,746: INFO:common:created directory at: artifacts]
[2026-03-15 03:26:59,752: INFO:common:created directory at: artifacts/data_transformation]
[2026-03-15 03:26:59,863: INFO:4261508835:Splited data into training and test sets]
[2026-03-15 03:26:59,866: INFO:4261508835:(857, 13)]
[2026-03-15 03:26:59,870: INFO:4261508835:(286, 13)]
[2026-03-15 04:17:11,108: INFO:common:yaml file: C:\Users\Its KaMrAN\Documents\Linux Docker\Wine Prediction ML\config\config.yaml loaded successfully]
[2026-03-15 04:17:11,113: INFO:common:yaml file: C:\Users\Its KaMrAN\Documents\Linux Docker\Wine Prediction ML\params.yaml loaded successfully]
[2026-03-15 04:17:11,118: INFO:common:yaml file: C:\Users\Its KaMrAN\Documents\Linux Docker\Wine Prediction ML\schema.yaml loaded successfully]
[2026-03-15 04:17:11,121: INFO:common:created directory at: artifacts]
[2026-03-15 04:17:11,124: INFO:common:created directory at: artifacts/model_trainer]
[2026-03-15 04:21:38,723: INFO:common:yaml file: C:\Users\Its KaMrAN\Documents\Linux Docker\Wine Prediction ML\config\config.yaml loaded successfully]
[2026-03-15 04:21:38,731: INFO:common:yaml file: C:\Users\Its KaMrAN\Documents\Linux Docker\Wine Prediction ML\params.yaml loaded successfully]
[2026-03-15 04:21:38,739: INFO:common:yaml file: C:\Users\Its KaMrAN\Documents\Linux Docker\Wine Prediction ML\schema.yaml loaded successfully]
[2026-03-15 04:21:38,743: INFO:common:created directory at: artifacts]
[2026-03-15 04:21:38,747: INFO:common:created directory at: artifacts/model_trainer]
[2026-03-15 04:22:26,429: INFO:common:yaml file: C:\Users\Its KaMrAN\Documents\Linux Docker\Wine Prediction ML\config\config.yaml loaded successfully]
[2026-03-15 04:22:26,433: INFO:common:yaml file: C:\Users\Its KaMrAN\Documents\Linux Docker\Wine Prediction ML\params.yaml loaded successfully]
[2026-03-15 04:22:26,439: INFO:common:yaml file: C:\Users\Its KaMrAN\Documents\Linux Docker\Wine Prediction ML\schema.yaml loaded successfully]
[2026-03-15 04:22:26,442: INFO:common:created directory at: artifacts]
[2026-03-15 04:22:26,443: INFO:common:created directory at: artifacts/model_trainer]
[2026-03-16 10:26:42,334: INFO:common:yaml file: C:\Users\Its KaMrAN\Documents\Linux Docker\Wine Prediction ML\config\config.yaml loaded successfully]
[2026-03-16 10:26:42,340: INFO:common:yaml file: C:\Users\Its KaMrAN\Documents\Linux Docker\Wine Prediction ML\params.yaml loaded successfully]
[2026-03-16 10:26:42,347: INFO:common:yaml file: C:\Users\Its KaMrAN\Documents\Linux Docker\Wine Prediction ML\schema.yaml loaded successfully]
[2026-03-16 10:26:42,350: INFO:common:created directory at: artifacts]
[2026-03-16 10:26:42,353: INFO:common:created directory at: artifacts/model_trainer]
[2026-03-16 10:28:13,576: INFO:common:yaml file: C:\Users\Its KaMrAN\Documents\Linux Docker\Wine Prediction ML\config\config.yaml loaded successfully]
[2026-03-16 10:28:13,580: INFO:common:yaml file: C:\Users\Its KaMrAN\Documents\Linux Docker\Wine Prediction ML\params.yaml loaded successfully]
[2026-03-16 10:28:13,587: INFO:common:yaml file: C:\Users\Its KaMrAN\Documents\Linux Docker\Wine Prediction ML\schema.yaml loaded successfully]
[2026-03-16 10:28:13,591: INFO:common:created directory at: artifacts]
[2026-03-16 10:28:13,594: INFO:common:created directory at: artifacts/model_trainer]
[2026-03-16 10:37:56,519: INFO:common:yaml file: C:\Users\Its KaMrAN\Documents\Linux Docker\Wine Prediction ML\config\config.yaml loaded successfully]
[2026-03-16 10:37:56,524: INFO:common:yaml file: C:\Users\Its KaMrAN\Documents\Linux Docker\Wine Prediction ML\params.yaml loaded successfully]
[2026-03-16 10:37:56,531: INFO:common:yaml file: C:\Users\Its KaMrAN\Documents\Linux Docker\Wine Prediction ML\schema.yaml loaded successfully]
[2026-03-16 10:37:56,535: INFO:common:created directory at: artifacts]
[2026-03-16 10:37:56,538: INFO:common:created directory at: artifacts/model_trainer]
